  FileManager.cpp
  State.cpp
D:\Development\Projects\ColorGame\Source\Asset\Shape.h(59,5): warning C4244: 'argument': conversion from 'float' to 'sf::Uint8', possible loss of data
D:\Development\Projects\ColorGame\Source\Asset\Text.h(53,5): warning C4244: 'argument': conversion from 'float' to 'sf::Uint8', possible loss of data
D:\Development\Projects\ColorGame\Source\Utility\RandomNumberGenerator.h(12,13): warning C4244: 'argument': conversion from 'time_t' to 'unsigned int', possible loss of data
  StateManager.cpp
D:\Development\Projects\ColorGame\Source\Asset\Shape.h(59,5): warning C4244: 'argument': conversion from 'float' to 'sf::Uint8', possible loss of data
D:\Development\Projects\ColorGame\Source\Asset\Text.h(53,5): warning C4244: 'argument': conversion from 'float' to 'sf::Uint8', possible loss of data
D:\Development\Projects\ColorGame\Source\Utility\RandomNumberGenerator.h(12,13): warning C4244: 'argument': conversion from 'time_t' to 'unsigned int', possible loss of data
  RenderWindow.cpp
D:\Development\Projects\ColorGame\Source\Asset\Shape.h(59,5): warning C4244: 'argument': conversion from 'float' to 'sf::Uint8', possible loss of data
D:\Development\Projects\ColorGame\Source\Asset\Text.h(53,5): warning C4244: 'argument': conversion from 'float' to 'sf::Uint8', possible loss of data
D:\Development\Projects\ColorGame\Source\Utility\RandomNumberGenerator.h(12,13): warning C4244: 'argument': conversion from 'time_t' to 'unsigned int', possible loss of data
  DeltaManager.cpp
  EventManager.cpp
  InputManager.cpp
D:\Development\Projects\ColorGame\Source\Asset\Shape.h(59,5): warning C4244: 'argument': conversion from 'float' to 'sf::Uint8', possible loss of data
D:\Development\Projects\ColorGame\Source\Asset\Text.h(53,5): warning C4244: 'argument': conversion from 'float' to 'sf::Uint8', possible loss of data
D:\Development\Projects\ColorGame\Source\Manager\InputManager.cpp(60,4): warning C4060: switch statement contains no 'case' or 'default' labels
  ConnectionManager.cpp
  Engine.cpp
D:\Development\Projects\ColorGame\Source\Asset\Shape.h(59,5): warning C4244: 'argument': conversion from 'float' to 'sf::Uint8', possible loss of data
D:\Development\Projects\ColorGame\Source\Asset\Text.h(53,5): warning C4244: 'argument': conversion from 'float' to 'sf::Uint8', possible loss of data
D:\Development\Projects\ColorGame\Source\Utility\RandomNumberGenerator.h(12,13): warning C4244: 'argument': conversion from 'time_t' to 'unsigned int', possible loss of data
  main.cpp
  Connection.cpp
D:\Development\Projects\ColorGame\Source\Core\Connection.cpp(14,27): warning C4267: 'argument': conversion from 'size_t' to 'unsigned short', possible loss of data
D:\Development\Projects\ColorGame\Source\Core\Connection.cpp(22,54): warning C4267: 'argument': conversion from 'size_t' to 'unsigned short', possible loss of data
  StateTest1.cpp
D:\Development\Projects\ColorGame\Source\Asset\Shape.h(59,5): warning C4244: 'argument': conversion from 'float' to 'sf::Uint8', possible loss of data
D:\Development\Projects\ColorGame\Source\Asset\Text.h(53,5): warning C4244: 'argument': conversion from 'float' to 'sf::Uint8', possible loss of data
D:\Development\Projects\ColorGame\Source\Utility\RandomNumberGenerator.h(12,13): warning C4244: 'argument': conversion from 'time_t' to 'unsigned int', possible loss of data
D:\Development\Projects\ColorGame\Source\State\StateTest1.cpp(12,84): warning C4244: 'argument': conversion from 'T' to 'float', possible loss of data
          with
          [
              T=unsigned int
          ]
D:\Development\Projects\ColorGame\Source\State\StateTest1.cpp(12,49): warning C4244: 'argument': conversion from 'T' to 'float', possible loss of data
          with
          [
              T=unsigned int
          ]
  StateTest2.cpp
D:\Development\Projects\ColorGame\Source\Asset\Shape.h(59,5): warning C4244: 'argument': conversion from 'float' to 'sf::Uint8', possible loss of data
D:\Development\Projects\ColorGame\Source\Asset\Text.h(53,5): warning C4244: 'argument': conversion from 'float' to 'sf::Uint8', possible loss of data
D:\Development\Projects\ColorGame\Source\Utility\RandomNumberGenerator.h(12,13): warning C4244: 'argument': conversion from 'time_t' to 'unsigned int', possible loss of data
D:\Development\Projects\ColorGame\Source\State\StateTest2.cpp(27,84): warning C4244: 'argument': conversion from 'T' to 'float', possible loss of data
          with
          [
              T=unsigned int
          ]
D:\Development\Projects\ColorGame\Source\State\StateTest2.cpp(27,49): warning C4244: 'argument': conversion from 'T' to 'float', possible loss of data
          with
          [
              T=unsigned int
          ]
  StateTest3.cpp
D:\Development\Projects\ColorGame\Source\Asset\Shape.h(59,5): warning C4244: 'argument': conversion from 'float' to 'sf::Uint8', possible loss of data
D:\Development\Projects\ColorGame\Source\Asset\Text.h(53,5): warning C4244: 'argument': conversion from 'float' to 'sf::Uint8', possible loss of data
D:\Development\Projects\ColorGame\Source\Utility\RandomNumberGenerator.h(12,13): warning C4244: 'argument': conversion from 'time_t' to 'unsigned int', possible loss of data
D:\Development\Projects\ColorGame\Source\State\StateTest3.cpp(32,84): warning C4244: 'argument': conversion from 'T' to 'float', possible loss of data
          with
          [
              T=unsigned int
          ]
D:\Development\Projects\ColorGame\Source\State\StateTest3.cpp(32,49): warning C4244: 'argument': conversion from 'T' to 'float', possible loss of data
          with
          [
              T=unsigned int
          ]
  StateTest4.cpp
D:\Development\Projects\ColorGame\Source\Asset\Shape.h(59,5): warning C4244: 'argument': conversion from 'float' to 'sf::Uint8', possible loss of data
D:\Development\Projects\ColorGame\Source\Asset\Text.h(53,5): warning C4244: 'argument': conversion from 'float' to 'sf::Uint8', possible loss of data
D:\Development\Projects\ColorGame\Source\Utility\RandomNumberGenerator.h(12,13): warning C4244: 'argument': conversion from 'time_t' to 'unsigned int', possible loss of data
D:\Development\Projects\ColorGame\Source\State\StateTest4.cpp(50,84): warning C4244: 'argument': conversion from 'T' to 'float', possible loss of data
          with
          [
              T=unsigned int
          ]
D:\Development\Projects\ColorGame\Source\State\StateTest4.cpp(50,49): warning C4244: 'argument': conversion from 'T' to 'float', possible loss of data
          with
          [
              T=unsigned int
          ]
  Generating code
  66 of 800 functions ( 8.2%) were compiled, the rest were copied from previous compilation.
    15 functions were new in current compilation
    31 functions had inline decision re-evaluated but remain unchanged
  Finished generating code
  ColorGame.vcxproj -> D:\Development\Projects\ColorGame\Binaries\x64\Release\ColorGame.exe
